<?xml version="1.0" encoding="UTF-8"?>
<testng-results skipped="0" failed="0" total="1" passed="1">
  <reporter-output>
  </reporter-output>
  <suite name="Default suite" duration-ms="5107" started-at="2022-04-14T07:13:09Z" finished-at="2022-04-14T07:13:14Z">
    <groups>
    </groups>
    <test name="Default test" duration-ms="5107" started-at="2022-04-14T07:13:09Z" finished-at="2022-04-14T07:13:14Z">
      <class name="POM.VerifyLogin">
        <test-method status="PASS" signature="TestUser()[pri:0, instance:POM.VerifyLogin@2d6a9952]" name="TestUser" duration-ms="5094" started-at="2022-04-14T12:43:09Z" finished-at="2022-04-14T12:43:14Z">
          <reporter-output>
          </reporter-output>
        </test-method> <!-- TestUser -->
      </class> <!-- POM.VerifyLogin -->
    </test> <!-- Default test -->
  </suite> <!-- Default suite -->
</testng-results>
